INFO  MyMain:27 -  Подключились к БД. 
INFO  MyMain:33 -  Клиент подключился 
INFO  MyMain:33 -  Клиент подключился 
2019-10-21 10:35:23 INFO  MyMain:27 -  Выполнено подключение к БД. 
2019-10-21 10:35:23 INFO  MyMain:29 -  Сервер ожидает подключения. 
2019-10-21 10:36:37 INFO  MyMain:31 -  Клиент подключился. 
2019-10-21 10:36:37 INFO  MyMain:29 -  Сервер ожидает подключения. 
2019-10-21 10:37:05 INFO  MyMain:58 -  Клиент: MyChat.ClientHandler@2409bda0 получил сообщение.
2019-10-21 10:37:15 INFO  MyMain:58 -  Клиент: MyChat.ClientHandler@2409bda0 получил сообщение.
2019-10-21 10:38:17 INFO  MyMain:31 -  Клиент подключился. 
2019-10-21 10:38:17 INFO  MyMain:29 -  Сервер ожидает подключения. 
2019-10-21 10:38:33 INFO  MyMain:58 -  Клиент: MyChat.ClientHandler@2409bda0 получил сообщение.
2019-10-21 10:38:46 INFO  MyMain:58 -  Клиент: MyChat.ClientHandler@2409bda0 получил сообщение.
2019-10-21 10:38:46 INFO  MyMain:58 -  Клиент: MyChat.ClientHandler@85468f8 получил сообщение.
2019-10-21 10:39:00 INFO  MyMain:58 -  Клиент: MyChat.ClientHandler@2409bda0 получил сообщение.
2019-10-21 10:39:00 INFO  MyMain:58 -  Клиент: MyChat.ClientHandler@85468f8 получил сообщение.
2019-10-21 10:39:37 INFO  MyMain:58 -  Клиент: MyChat.ClientHandler@2409bda0 получил сообщение.
2019-10-21 10:39:37 INFO  MyMain:58 -  Клиент: MyChat.ClientHandler@85468f8 получил сообщение.
2019-10-21 10:39:42 INFO  MyMain:58 -  Клиент: MyChat.ClientHandler@2409bda0 получил сообщение.
2019-10-21 10:45:04 INFO  MyMain:27 -  Выполнено подключение к БД
2019-10-21 10:45:04 INFO  MyMain:29 -  Сервер ожидает подключения
2019-10-21 10:45:12 INFO  MyMain:31 -  Клиент подключился
2019-10-21 10:45:13 INFO  MyMain:29 -  Сервер ожидает подключения
2019-10-21 10:45:30 INFO  MyMain:31 -  Клиент подключился
2019-10-21 10:45:30 INFO  MyMain:29 -  Сервер ожидает подключения
2019-10-21 10:45:40 INFO  MyMain:58 -  Клиенту: nick1 сообщение: Ха-ха
2019-10-21 10:50:26 INFO  MyMain:58 -  Клиенту: nick1 сообщение: Ха-ха
2019-10-21 10:51:01 INFO  MyMain:27 -  Выполнено подключение к БД
2019-10-21 10:51:01 INFO  MyMain:29 -  Сервер ожидает подключения
2019-10-21 10:51:18 INFO  MyMain:31 -  Клиент [ /127.0.0.1 ] подключился
2019-10-21 10:51:18 INFO  MyMain:29 -  Сервер ожидает подключения
2019-10-21 10:52:19 INFO  MyMain:31 -  Клиент [ /127.0.0.1 ] подключился
2019-10-21 10:52:19 INFO  MyMain:29 -  Сервер ожидает подключения
2019-10-21 10:52:45 INFO  MyMain:58 -  Клиенту: nick1 - /sidenick2 зашел в чат
2019-10-21 11:22:47 INFO  MyMain:58 -  Клиенту: nick1 - nick1: Кто сейчас пишет?
2019-10-21 11:22:47 INFO  MyMain:58 -  Клиенту: nick2 - nick1: Кто сейчас пишет?
2019-10-21 11:23:00 INFO  MyMain:58 -  Клиенту: nick1 - nick1: Ок, значит пишет Ник1
2019-10-21 11:23:00 INFO  MyMain:58 -  Клиенту: nick2 - nick1: Ок, значит пишет Ник1
2019-10-21 11:23:47 INFO  MyMain:58 -  Клиенту: nick1 - /sidenick2 вышел из чата
2019-10-21 12:55:31 INFO  Server:26 -  Выполнено подключение к БД
2019-10-21 12:55:31 INFO  Server:28 -  Сервер ожидает подключения
2019-10-21 14:36:00 INFO  Server:26 -  Выполнено подключение к БД
2019-10-21 14:36:00 INFO  Server:28 -  Сервер ожидает подключения
2019-10-21 14:36:47 INFO  Server:30 -  Клиент [ /127.0.0.1 ] подключился
2019-10-21 14:36:47 INFO  Server:28 -  Сервер ожидает подключения
2019-10-21 14:37:04 INFO  ClientHandler:58 - Авторизация клиента: nick1
